2012-10-13 21:01:16 Error: [MissingActionException] Action UsersController::index() could not be found.
#0 C:\wamp\www\NotesMRS\lib\Cake\Routing\Dispatcher.php(186): Controller->invokeAction(Object(CakeRequest))
#1 C:\wamp\www\NotesMRS\lib\Cake\Routing\Dispatcher.php(161): Dispatcher->_invoke(Object(UsersController), Object(CakeRequest), Object(CakeResponse))
#2 C:\wamp\www\NotesMRS\app\webroot\index.php(92): Dispatcher->dispatch(Object(CakeRequest), Object(CakeResponse))
#3 {main}
2012-10-13 21:01:37 Error: [MissingControllerException] Controller class PostsController could not be found.
#0 C:\wamp\www\NotesMRS\app\webroot\index.php(92): Dispatcher->dispatch(Object(CakeRequest), Object(CakeResponse))
#1 {main}
2012-10-13 21:02:41 Error: [MissingControllerException] Controller class PostsController could not be found.
#0 C:\wamp\www\NotesMRS\app\webroot\index.php(92): Dispatcher->dispatch(Object(CakeRequest), Object(CakeResponse))
#1 {main}
2012-10-13 21:03:20 Error: [MissingControllerException] Controller class PostsController could not be found.
#0 C:\wamp\www\NotesMRS\app\webroot\index.php(92): Dispatcher->dispatch(Object(CakeRequest), Object(CakeResponse))
#1 {main}
2012-10-13 21:03:22 Error: [MissingControllerException] Controller class PostsController could not be found.
#0 C:\wamp\www\NotesMRS\app\webroot\index.php(92): Dispatcher->dispatch(Object(CakeRequest), Object(CakeResponse))
#1 {main}
2012-10-13 21:03:26 Error: [MissingControllerException] Controller class PostsController could not be found.
#0 C:\wamp\www\NotesMRS\app\webroot\index.php(92): Dispatcher->dispatch(Object(CakeRequest), Object(CakeResponse))
#1 {main}
2012-10-13 21:22:19 Error: [PDOException] SQLSTATE[23000]: Integrity constraint violation: 1048 Column 'username' cannot be null
#0 C:\wamp\www\NotesMRS\lib\Cake\Model\Datasource\DboSource.php(461): PDOStatement->execute(Array)
#1 C:\wamp\www\NotesMRS\lib\Cake\Model\Datasource\DboSource.php(427): DboSource->_execute('INSERT INTO `No...', Array)
#2 C:\wamp\www\NotesMRS\lib\Cake\Model\Datasource\DboSource.php(1009): DboSource->execute('INSERT INTO `No...')
#3 C:\wamp\www\NotesMRS\lib\Cake\Model\Model.php(1730): DboSource->create(Object(User), Array, Array)
#4 C:\wamp\www\NotesMRS\app\Controller\usersController.php(12): Model->save(Array)
#5 [internal function]: UsersController->validate_user()
#6 C:\wamp\www\NotesMRS\lib\Cake\Controller\Controller.php(485): ReflectionMethod->invokeArgs(Object(UsersController), Array)
#7 C:\wamp\www\NotesMRS\lib\Cake\Routing\Dispatcher.php(186): Controller->invokeAction(Object(CakeRequest))
#8 C:\wamp\www\NotesMRS\lib\Cake\Routing\Dispatcher.php(161): Dispatcher->_invoke(Object(UsersController), Object(CakeRequest), Object(CakeResponse))
#9 C:\wamp\www\NotesMRS\app\webroot\index.php(92): Dispatcher->dispatch(Object(CakeRequest), Object(CakeResponse))
#10 {main}
2012-10-13 21:23:32 Error: [PDOException] SQLSTATE[23000]: Integrity constraint violation: 1048 Column 'username' cannot be null
#0 C:\wamp\www\NotesMRS\lib\Cake\Model\Datasource\DboSource.php(461): PDOStatement->execute(Array)
#1 C:\wamp\www\NotesMRS\lib\Cake\Model\Datasource\DboSource.php(427): DboSource->_execute('INSERT INTO `No...', Array)
#2 C:\wamp\www\NotesMRS\lib\Cake\Model\Datasource\DboSource.php(1009): DboSource->execute('INSERT INTO `No...')
#3 C:\wamp\www\NotesMRS\lib\Cake\Model\Model.php(1730): DboSource->create(Object(User), Array, Array)
#4 C:\wamp\www\NotesMRS\app\Controller\usersController.php(12): Model->save(Array)
#5 [internal function]: UsersController->validate_user()
#6 C:\wamp\www\NotesMRS\lib\Cake\Controller\Controller.php(485): ReflectionMethod->invokeArgs(Object(UsersController), Array)
#7 C:\wamp\www\NotesMRS\lib\Cake\Routing\Dispatcher.php(186): Controller->invokeAction(Object(CakeRequest))
#8 C:\wamp\www\NotesMRS\lib\Cake\Routing\Dispatcher.php(161): Dispatcher->_invoke(Object(UsersController), Object(CakeRequest), Object(CakeResponse))
#9 C:\wamp\www\NotesMRS\app\webroot\index.php(92): Dispatcher->dispatch(Object(CakeRequest), Object(CakeResponse))
#10 {main}
2012-10-13 22:01:46 Error: Fatal Error (1): Call to a member function send() on a non-object in [C:\wamp\www\NotesMRS\app\Controller\usersController.php, line 28]
2012-10-13 22:01:46 Error: [FatalErrorException] Call to a member function send() on a non-object
#0 C:\wamp\www\NotesMRS\lib\Cake\Error\ErrorHandler.php(162): ErrorHandler::handleFatalError(1, 'Call to a membe...', 'C:\wamp\www\Not...', 28)
#1 [internal function]: ErrorHandler::handleError(1, 'Call to a membe...', 'C:\wamp\www\Not...', 28, Array)
#2 C:\wamp\www\NotesMRS\lib\Cake\Core\App.php(926): call_user_func('ErrorHandler::h...', 1, 'Call to a membe...', 'C:\wamp\www\Not...', 28, Array)
#3 C:\wamp\www\NotesMRS\lib\Cake\Core\App.php(899): App::_checkFatalError()
#4 [internal function]: App::shutdown()
#5 {main}
2012-10-13 22:02:47 Error: Fatal Error (1): Call to a member function send() on a non-object in [C:\wamp\www\NotesMRS\app\Controller\usersController.php, line 28]
2012-10-13 22:02:47 Error: [FatalErrorException] Call to a member function send() on a non-object
#0 C:\wamp\www\NotesMRS\lib\Cake\Error\ErrorHandler.php(162): ErrorHandler::handleFatalError(1, 'Call to a membe...', 'C:\wamp\www\Not...', 28)
#1 [internal function]: ErrorHandler::handleError(1, 'Call to a membe...', 'C:\wamp\www\Not...', 28, Array)
#2 C:\wamp\www\NotesMRS\lib\Cake\Core\App.php(926): call_user_func('ErrorHandler::h...', 1, 'Call to a membe...', 'C:\wamp\www\Not...', 28, Array)
#3 C:\wamp\www\NotesMRS\lib\Cake\Core\App.php(899): App::_checkFatalError()
#4 [internal function]: App::shutdown()
#5 {main}
2012-10-13 22:09:03 Error: Fatal Error (1): Call to a member function send() on a non-object in [C:\wamp\www\NotesMRS\app\Controller\usersController.php, line 28]
2012-10-13 22:09:03 Error: [FatalErrorException] Call to a member function send() on a non-object
#0 C:\wamp\www\NotesMRS\lib\Cake\Error\ErrorHandler.php(162): ErrorHandler::handleFatalError(1, 'Call to a membe...', 'C:\wamp\www\Not...', 28)
#1 [internal function]: ErrorHandler::handleError(1, 'Call to a membe...', 'C:\wamp\www\Not...', 28, Array)
#2 C:\wamp\www\NotesMRS\lib\Cake\Core\App.php(926): call_user_func('ErrorHandler::h...', 1, 'Call to a membe...', 'C:\wamp\www\Not...', 28, Array)
#3 C:\wamp\www\NotesMRS\lib\Cake\Core\App.php(899): App::_checkFatalError()
#4 [internal function]: App::shutdown()
#5 {main}
2012-10-13 22:10:46 Error: Fatal Error (1): Call to a member function send() on a non-object in [C:\wamp\www\NotesMRS\app\Controller\usersController.php, line 28]
2012-10-13 22:10:46 Error: [FatalErrorException] Call to a member function send() on a non-object
#0 C:\wamp\www\NotesMRS\lib\Cake\Error\ErrorHandler.php(162): ErrorHandler::handleFatalError(1, 'Call to a membe...', 'C:\wamp\www\Not...', 28)
#1 [internal function]: ErrorHandler::handleError(1, 'Call to a membe...', 'C:\wamp\www\Not...', 28, Array)
#2 C:\wamp\www\NotesMRS\lib\Cake\Core\App.php(926): call_user_func('ErrorHandler::h...', 1, 'Call to a membe...', 'C:\wamp\www\Not...', 28, Array)
#3 C:\wamp\www\NotesMRS\lib\Cake\Core\App.php(899): App::_checkFatalError()
#4 [internal function]: App::shutdown()
#5 {main}
2012-10-13 22:15:41 Error: Fatal Error (1): Call to a member function send() on a non-object in [C:\wamp\www\NotesMRS\app\Controller\usersController.php, line 28]
2012-10-13 22:15:41 Error: [FatalErrorException] Call to a member function send() on a non-object
#0 C:\wamp\www\NotesMRS\lib\Cake\Error\ErrorHandler.php(162): ErrorHandler::handleFatalError(1, 'Call to a membe...', 'C:\wamp\www\Not...', 28)
#1 [internal function]: ErrorHandler::handleError(1, 'Call to a membe...', 'C:\wamp\www\Not...', 28, Array)
#2 C:\wamp\www\NotesMRS\lib\Cake\Core\App.php(926): call_user_func('ErrorHandler::h...', 1, 'Call to a membe...', 'C:\wamp\www\Not...', 28, Array)
#3 C:\wamp\www\NotesMRS\lib\Cake\Core\App.php(899): App::_checkFatalError()
#4 [internal function]: App::shutdown()
#5 {main}
2012-10-13 22:25:59 Error: Fatal Error (1): Call to a member function send() on a non-object in [C:\wamp\www\NotesMRS\app\Controller\usersController.php, line 36]
2012-10-13 22:25:59 Error: [FatalErrorException] Call to a member function send() on a non-object
#0 C:\wamp\www\NotesMRS\lib\Cake\Error\ErrorHandler.php(162): ErrorHandler::handleFatalError(1, 'Call to a membe...', 'C:\wamp\www\Not...', 36)
#1 [internal function]: ErrorHandler::handleError(1, 'Call to a membe...', 'C:\wamp\www\Not...', 36, Array)
#2 C:\wamp\www\NotesMRS\lib\Cake\Core\App.php(926): call_user_func('ErrorHandler::h...', 1, 'Call to a membe...', 'C:\wamp\www\Not...', 36, Array)
#3 C:\wamp\www\NotesMRS\lib\Cake\Core\App.php(899): App::_checkFatalError()
#4 [internal function]: App::shutdown()
#5 {main}
2012-10-13 22:27:14 Error: Fatal Error (1): Call to a member function send() on a non-object in [C:\wamp\www\NotesMRS\app\Controller\usersController.php, line 37]
2012-10-13 22:27:14 Error: [FatalErrorException] Call to a member function send() on a non-object
#0 C:\wamp\www\NotesMRS\lib\Cake\Error\ErrorHandler.php(162): ErrorHandler::handleFatalError(1, 'Call to a membe...', 'C:\wamp\www\Not...', 37)
#1 [internal function]: ErrorHandler::handleError(1, 'Call to a membe...', 'C:\wamp\www\Not...', 37, Array)
#2 C:\wamp\www\NotesMRS\lib\Cake\Core\App.php(926): call_user_func('ErrorHandler::h...', 1, 'Call to a membe...', 'C:\wamp\www\Not...', 37, Array)
#3 C:\wamp\www\NotesMRS\lib\Cake\Core\App.php(899): App::_checkFatalError()
#4 [internal function]: App::shutdown()
#5 {main}
2012-10-13 22:40:42 Error: Fatal Error (1): Class 'CakeEmail' not found in [C:\wamp\www\NotesMRS\app\Controller\usersController.php, line 25]
2012-10-13 22:40:42 Error: [FatalErrorException] Class 'CakeEmail' not found
#0 C:\wamp\www\NotesMRS\lib\Cake\Error\ErrorHandler.php(162): ErrorHandler::handleFatalError(1, 'Class 'CakeEmai...', 'C:\wamp\www\Not...', 25)
#1 [internal function]: ErrorHandler::handleError(1, 'Class 'CakeEmai...', 'C:\wamp\www\Not...', 25, Array)
#2 C:\wamp\www\NotesMRS\lib\Cake\Core\App.php(926): call_user_func('ErrorHandler::h...', 1, 'Class 'CakeEmai...', 'C:\wamp\www\Not...', 25, Array)
#3 C:\wamp\www\NotesMRS\lib\Cake\Core\App.php(899): App::_checkFatalError()
#4 [internal function]: App::shutdown()
#5 {main}
2012-10-13 22:41:26 Error: Fatal Error (1): Call to a member function from() on a non-object in [C:\wamp\www\NotesMRS\app\Controller\usersController.php, line 26]
2012-10-13 22:41:26 Error: [FatalErrorException] Call to a member function from() on a non-object
#0 C:\wamp\www\NotesMRS\lib\Cake\Error\ErrorHandler.php(162): ErrorHandler::handleFatalError(1, 'Call to a membe...', 'C:\wamp\www\Not...', 26)
#1 [internal function]: ErrorHandler::handleError(1, 'Call to a membe...', 'C:\wamp\www\Not...', 26, Array)
#2 C:\wamp\www\NotesMRS\lib\Cake\Core\App.php(926): call_user_func('ErrorHandler::h...', 1, 'Call to a membe...', 'C:\wamp\www\Not...', 26, Array)
#3 C:\wamp\www\NotesMRS\lib\Cake\Core\App.php(899): App::_checkFatalError()
#4 [internal function]: App::shutdown()
#5 {main}
2012-10-13 22:42:14 Error: Fatal Error (1): Call to a member function from() on a non-object in [C:\wamp\www\NotesMRS\app\Controller\usersController.php, line 26]
2012-10-13 22:42:14 Error: [FatalErrorException] Call to a member function from() on a non-object
#0 C:\wamp\www\NotesMRS\lib\Cake\Error\ErrorHandler.php(162): ErrorHandler::handleFatalError(1, 'Call to a membe...', 'C:\wamp\www\Not...', 26)
#1 [internal function]: ErrorHandler::handleError(1, 'Call to a membe...', 'C:\wamp\www\Not...', 26, Array)
#2 C:\wamp\www\NotesMRS\lib\Cake\Core\App.php(926): call_user_func('ErrorHandler::h...', 1, 'Call to a membe...', 'C:\wamp\www\Not...', 26, Array)
#3 C:\wamp\www\NotesMRS\lib\Cake\Core\App.php(899): App::_checkFatalError()
#4 [internal function]: App::shutdown()
#5 {main}
2012-10-13 22:45:26 Error: [SocketException] Could not send email.
#0 C:\wamp\www\NotesMRS\lib\Cake\Network\Email\CakeEmail.php(1059): MailTransport->send(Object(CakeEmail))
#1 C:\wamp\www\NotesMRS\app\Controller\usersController.php(30): CakeEmail->send('My message')
#2 [internal function]: UsersController->send_new_password()
#3 C:\wamp\www\NotesMRS\lib\Cake\Controller\Controller.php(485): ReflectionMethod->invokeArgs(Object(UsersController), Array)
#4 C:\wamp\www\NotesMRS\lib\Cake\Routing\Dispatcher.php(186): Controller->invokeAction(Object(CakeRequest))
#5 C:\wamp\www\NotesMRS\lib\Cake\Routing\Dispatcher.php(161): Dispatcher->_invoke(Object(UsersController), Object(CakeRequest), Object(CakeResponse))
#6 C:\wamp\www\NotesMRS\app\webroot\index.php(92): Dispatcher->dispatch(Object(CakeRequest), Object(CakeResponse))
#7 {main}
2012-10-13 22:59:52 Error: [MissingViewException] View file "C:\wamp\www\NotesMRS\app\View\Users\send_new_password.ctp" is missing.
#0 C:\wamp\www\NotesMRS\lib\Cake\View\View.php(472): View->_getViewFileName(NULL)
#1 C:\wamp\www\NotesMRS\lib\Cake\Controller\Controller.php(957): View->render(NULL, NULL)
#2 C:\wamp\www\NotesMRS\lib\Cake\Routing\Dispatcher.php(193): Controller->render()
#3 C:\wamp\www\NotesMRS\lib\Cake\Routing\Dispatcher.php(161): Dispatcher->_invoke(Object(UsersController), Object(CakeRequest), Object(CakeResponse))
#4 C:\wamp\www\NotesMRS\app\webroot\index.php(92): Dispatcher->dispatch(Object(CakeRequest), Object(CakeResponse))
#5 {main}
2012-10-13 23:35:13 Error: [MissingComponentException] Component class PasswordComponent could not be found.
#0 C:\wamp\www\NotesMRS\lib\Cake\Controller\ComponentCollection.php(52): ComponentCollection->load('Password', Array)
#1 C:\wamp\www\NotesMRS\lib\Cake\Controller\Controller.php(635): ComponentCollection->init(Object(UsersController))
#2 C:\wamp\www\NotesMRS\lib\Cake\Routing\Dispatcher.php(182): Controller->constructClasses()
#3 C:\wamp\www\NotesMRS\lib\Cake\Routing\Dispatcher.php(161): Dispatcher->_invoke(Object(UsersController), Object(CakeRequest), Object(CakeResponse))
#4 C:\wamp\www\NotesMRS\app\webroot\index.php(92): Dispatcher->dispatch(Object(CakeRequest), Object(CakeResponse))
#5 {main}
2012-10-13 23:37:06 Error: [MissingComponentException] Component class passwordComponentComponent could not be found.
#0 C:\wamp\www\NotesMRS\lib\Cake\Controller\ComponentCollection.php(52): ComponentCollection->load('passwordCompone...', Array)
#1 C:\wamp\www\NotesMRS\lib\Cake\Controller\Controller.php(635): ComponentCollection->init(Object(UsersController))
#2 C:\wamp\www\NotesMRS\lib\Cake\Routing\Dispatcher.php(182): Controller->constructClasses()
#3 C:\wamp\www\NotesMRS\lib\Cake\Routing\Dispatcher.php(161): Dispatcher->_invoke(Object(UsersController), Object(CakeRequest), Object(CakeResponse))
#4 C:\wamp\www\NotesMRS\app\webroot\index.php(92): Dispatcher->dispatch(Object(CakeRequest), Object(CakeResponse))
#5 {main}
2012-10-19 22:13:14 Error: [MissingControllerException] Controller class AccesosController could not be found.
#0 C:\wamp\www\NotesMRS\app\webroot\index.php(92): Dispatcher->dispatch(Object(CakeRequest), Object(CakeResponse))
#1 {main}
2012-10-20 00:20:23 Error: Fatal Error (1): Class 'Cliente_google' not found in [C:\wamp\www\NotesMRS\app\Controller\notasController.php, line 13]
2012-10-20 00:20:23 Error: [FatalErrorException] Class 'Cliente_google' not found
#0 C:\wamp\www\NotesMRS\lib\Cake\Error\ErrorHandler.php(162): ErrorHandler::handleFatalError(1, 'Class 'Cliente_...', 'C:\wamp\www\Not...', 13)
#1 [internal function]: ErrorHandler::handleError(1, 'Class 'Cliente_...', 'C:\wamp\www\Not...', 13, Array)
#2 C:\wamp\www\NotesMRS\lib\Cake\Core\App.php(926): call_user_func('ErrorHandler::h...', 1, 'Class 'Cliente_...', 'C:\wamp\www\Not...', 13, Array)
#3 C:\wamp\www\NotesMRS\lib\Cake\Core\App.php(899): App::_checkFatalError()
#4 [internal function]: App::shutdown()
#5 {main}
2012-10-20 00:20:45 Error: Fatal Error (64): require_once() [<a href='http://php.net/function.require'>function.require</a>]: Failed opening required 'http://localhost/NotesMRS/lib/Cake/GoogleAPI/google-api-php-client/src/Google_Client.php' (include_path='C:\wamp\www\NotesMRS\lib;.;C:\php\pear') in [C:\wamp\www\NotesMRS\lib\Cake\GoogleAPI\Cliente_google.php, line 3]
2012-10-20 00:20:45 Error: [FatalErrorException] require_once() [<a href='http://php.net/function.require'>function.require</a>]: Failed opening required 'http://localhost/NotesMRS/lib/Cake/GoogleAPI/google-api-php-client/src/Google_Client.php' (include_path='C:\wamp\www\NotesMRS\lib;.;C:\php\pear')
#0 C:\wamp\www\NotesMRS\lib\Cake\Error\ErrorHandler.php(162): ErrorHandler::handleFatalError(64, 'require_once() ...', 'C:\wamp\www\Not...', 3)
#1 [internal function]: ErrorHandler::handleError(64, 'require_once() ...', 'C:\wamp\www\Not...', 3, Array)
#2 C:\wamp\www\NotesMRS\lib\Cake\Core\App.php(926): call_user_func('ErrorHandler::h...', 64, 'require_once() ...', 'C:\wamp\www\Not...', 3, Array)
#3 C:\wamp\www\NotesMRS\lib\Cake\Core\App.php(899): App::_checkFatalError()
#4 [internal function]: App::shutdown()
#5 {main}
2012-10-20 00:21:36 Error: Fatal Error (4): syntax error, unexpected T_REQUIRE_ONCE, expecting T_FUNCTION in [C:\wamp\www\NotesMRS\lib\Cake\GoogleAPI\Cliente_google.php, line 5]
2012-10-20 00:21:36 Error: [FatalErrorException] syntax error, unexpected T_REQUIRE_ONCE, expecting T_FUNCTION
#0 C:\wamp\www\NotesMRS\lib\Cake\Error\ErrorHandler.php(162): ErrorHandler::handleFatalError(4, 'syntax error, u...', 'C:\wamp\www\Not...', 5)
#1 [internal function]: ErrorHandler::handleError(4, 'syntax error, u...', 'C:\wamp\www\Not...', 5, Array)
#2 C:\wamp\www\NotesMRS\lib\Cake\Core\App.php(926): call_user_func('ErrorHandler::h...', 4, 'syntax error, u...', 'C:\wamp\www\Not...', 5, Array)
#3 C:\wamp\www\NotesMRS\lib\Cake\Core\App.php(899): App::_checkFatalError()
#4 [internal function]: App::shutdown()
#5 {main}
2012-10-20 00:22:01 Error: Fatal Error (64): require_once() [<a href='http://php.net/function.require'>function.require</a>]: Failed opening required 'http://localhost/NotesMRS/lib/Cake/GoogleAPI/google-api-php-client/src/Google_Client.php' (include_path='C:\wamp\www\NotesMRS\lib;.;C:\php\pear') in [C:\wamp\www\NotesMRS\lib\Cake\GoogleAPI\Cliente_google.php, line 8]
2012-10-20 00:22:01 Error: [FatalErrorException] require_once() [<a href='http://php.net/function.require'>function.require</a>]: Failed opening required 'http://localhost/NotesMRS/lib/Cake/GoogleAPI/google-api-php-client/src/Google_Client.php' (include_path='C:\wamp\www\NotesMRS\lib;.;C:\php\pear')
#0 C:\wamp\www\NotesMRS\lib\Cake\Error\ErrorHandler.php(162): ErrorHandler::handleFatalError(64, 'require_once() ...', 'C:\wamp\www\Not...', 8)
#1 [internal function]: ErrorHandler::handleError(64, 'require_once() ...', 'C:\wamp\www\Not...', 8, Array)
#2 C:\wamp\www\NotesMRS\lib\Cake\Core\App.php(926): call_user_func('ErrorHandler::h...', 64, 'require_once() ...', 'C:\wamp\www\Not...', 8, Array)
#3 C:\wamp\www\NotesMRS\lib\Cake\Core\App.php(899): App::_checkFatalError()
#4 [internal function]: App::shutdown()
#5 {main}
2012-10-20 00:22:43 Error: Fatal Error (64): require_once() [<a href='http://php.net/function.require'>function.require</a>]: Failed opening required 'http://localhost/NotesMRS/lib/Cake/GoogleAPI/google-api-php-client/src/Google_Client.php' (include_path='C:\wamp\www\NotesMRS\lib;.;C:\php\pear') in [C:\wamp\www\NotesMRS\lib\Cake\GoogleAPI\Cliente_google.php, line 2]
2012-10-20 00:22:43 Error: [FatalErrorException] require_once() [<a href='http://php.net/function.require'>function.require</a>]: Failed opening required 'http://localhost/NotesMRS/lib/Cake/GoogleAPI/google-api-php-client/src/Google_Client.php' (include_path='C:\wamp\www\NotesMRS\lib;.;C:\php\pear')
#0 C:\wamp\www\NotesMRS\lib\Cake\Error\ErrorHandler.php(162): ErrorHandler::handleFatalError(64, 'require_once() ...', 'C:\wamp\www\Not...', 2)
#1 [internal function]: ErrorHandler::handleError(64, 'require_once() ...', 'C:\wamp\www\Not...', 2, Array)
#2 C:\wamp\www\NotesMRS\lib\Cake\Core\App.php(926): call_user_func('ErrorHandler::h...', 64, 'require_once() ...', 'C:\wamp\www\Not...', 2, Array)
#3 C:\wamp\www\NotesMRS\lib\Cake\Core\App.php(899): App::_checkFatalError()
#4 [internal function]: App::shutdown()
#5 {main}
2012-10-20 00:23:23 Error: Fatal Error (1): Class 'Google_Client' not found in [C:\wamp\www\NotesMRS\lib\Cake\GoogleAPI\Cliente_google.php, line 11]
2012-10-20 00:23:23 Error: [FatalErrorException] Class 'Google_Client' not found
#0 C:\wamp\www\NotesMRS\lib\Cake\Error\ErrorHandler.php(162): ErrorHandler::handleFatalError(1, 'Class 'Google_C...', 'C:\wamp\www\Not...', 11)
#1 [internal function]: ErrorHandler::handleError(1, 'Class 'Google_C...', 'C:\wamp\www\Not...', 11, Array)
#2 C:\wamp\www\NotesMRS\lib\Cake\Core\App.php(926): call_user_func('ErrorHandler::h...', 1, 'Class 'Google_C...', 'C:\wamp\www\Not...', 11, Array)
#3 C:\wamp\www\NotesMRS\lib\Cake\Core\App.php(899): App::_checkFatalError()
#4 [internal function]: App::shutdown()
#5 {main}
2012-10-20 00:27:04 Error: Fatal Error (64): require_once() [<a href='http://php.net/function.require'>function.require</a>]: Failed opening required 'C:\wamp\www\NotesMRS\app\webroot\google-api-php-client/src/Google_Client.php' (include_path='C:\wamp\www\NotesMRS\lib;.;C:\php\pear') in [C:\wamp\www\NotesMRS\lib\Cake\GoogleAPI\Cliente_google.php, line 2]
2012-10-20 00:27:04 Error: [FatalErrorException] require_once() [<a href='http://php.net/function.require'>function.require</a>]: Failed opening required 'C:\wamp\www\NotesMRS\app\webroot\google-api-php-client/src/Google_Client.php' (include_path='C:\wamp\www\NotesMRS\lib;.;C:\php\pear')
#0 C:\wamp\www\NotesMRS\lib\Cake\Error\ErrorHandler.php(162): ErrorHandler::handleFatalError(64, 'require_once() ...', 'C:\wamp\www\Not...', 2)
#1 [internal function]: ErrorHandler::handleError(64, 'require_once() ...', 'C:\wamp\www\Not...', 2, Array)
#2 C:\wamp\www\NotesMRS\lib\Cake\Core\App.php(926): call_user_func('ErrorHandler::h...', 64, 'require_once() ...', 'C:\wamp\www\Not...', 2, Array)
#3 C:\wamp\www\NotesMRS\lib\Cake\Core\App.php(899): App::_checkFatalError()
#4 [internal function]: App::shutdown()
#5 {main}
2012-10-20 00:36:06 Error: Fatal Error (1): Call to undefined method Cliente_google::set_cliente() in [C:\wamp\www\NotesMRS\app\Controller\notasController.php, line 14]
2012-10-20 00:36:06 Error: [FatalErrorException] Call to undefined method Cliente_google::set_cliente()
#0 C:\wamp\www\NotesMRS\lib\Cake\Error\ErrorHandler.php(162): ErrorHandler::handleFatalError(1, 'Call to undefin...', 'C:\wamp\www\Not...', 14)
#1 [internal function]: ErrorHandler::handleError(1, 'Call to undefin...', 'C:\wamp\www\Not...', 14, Array)
#2 C:\wamp\www\NotesMRS\lib\Cake\Core\App.php(926): call_user_func('ErrorHandler::h...', 1, 'Call to undefin...', 'C:\wamp\www\Not...', 14, Array)
#3 C:\wamp\www\NotesMRS\lib\Cake\Core\App.php(899): App::_checkFatalError()
#4 [internal function]: App::shutdown()
#5 {main}
2012-10-20 00:36:44 Error: [Google_AuthException] Could not json decode the token
#0 C:\wamp\www\NotesMRS\lib\Cake\GoogleAPI\google-api-php-client\src\Google_Client.php(174): Google_OAuth2->setAccessToken(NULL)
#1 C:\wamp\www\NotesMRS\lib\Cake\GoogleAPI\Cliente_google.php(36): Google_Client->setAccessToken(true)
#2 C:\wamp\www\NotesMRS\app\Controller\notasController.php(20): Cliente_google->generar_servicio()
#3 [internal function]: NotasController->montarNota()
#4 C:\wamp\www\NotesMRS\lib\Cake\Controller\Controller.php(485): ReflectionMethod->invokeArgs(Object(NotasController), Array)
#5 C:\wamp\www\NotesMRS\lib\Cake\Routing\Dispatcher.php(186): Controller->invokeAction(Object(CakeRequest))
#6 C:\wamp\www\NotesMRS\lib\Cake\Routing\Dispatcher.php(161): Dispatcher->_invoke(Object(NotasController), Object(CakeRequest), Object(CakeResponse))
#7 C:\wamp\www\NotesMRS\app\webroot\index.php(92): Dispatcher->dispatch(Object(CakeRequest), Object(CakeResponse))
#8 {main}
2012-10-20 00:49:17 Error: Fatal Error (1): Call to undefined method Google_Client::getScopes() in [C:\wamp\www\NotesMRS\lib\Cake\GoogleAPI\Cliente_google.php, line 24]
2012-10-20 00:49:17 Error: [FatalErrorException] Call to undefined method Google_Client::getScopes()
#0 C:\wamp\www\NotesMRS\lib\Cake\Error\ErrorHandler.php(162): ErrorHandler::handleFatalError(1, 'Call to undefin...', 'C:\wamp\www\Not...', 24)
#1 [internal function]: ErrorHandler::handleError(1, 'Call to undefin...', 'C:\wamp\www\Not...', 24, Array)
#2 C:\wamp\www\NotesMRS\lib\Cake\Core\App.php(926): call_user_func('ErrorHandler::h...', 1, 'Call to undefin...', 'C:\wamp\www\Not...', 24, Array)
#3 C:\wamp\www\NotesMRS\lib\Cake\Core\App.php(899): App::_checkFatalError()
#4 [internal function]: App::shutdown()
#5 {main}
2012-10-20 00:49:38 Error: [Google_AuthException] Could not json decode the token
#0 C:\wamp\www\NotesMRS\lib\Cake\GoogleAPI\google-api-php-client\src\Google_Client.php(174): Google_OAuth2->setAccessToken(NULL)
#1 C:\wamp\www\NotesMRS\lib\Cake\GoogleAPI\Cliente_google.php(42): Google_Client->setAccessToken(true)
#2 C:\wamp\www\NotesMRS\app\Controller\notasController.php(20): Cliente_google->generar_servicio()
#3 [internal function]: NotasController->montarNota()
#4 C:\wamp\www\NotesMRS\lib\Cake\Controller\Controller.php(485): ReflectionMethod->invokeArgs(Object(NotasController), Array)
#5 C:\wamp\www\NotesMRS\lib\Cake\Routing\Dispatcher.php(186): Controller->invokeAction(Object(CakeRequest))
#6 C:\wamp\www\NotesMRS\lib\Cake\Routing\Dispatcher.php(161): Dispatcher->_invoke(Object(NotasController), Object(CakeRequest), Object(CakeResponse))
#7 C:\wamp\www\NotesMRS\app\webroot\index.php(92): Dispatcher->dispatch(Object(CakeRequest), Object(CakeResponse))
#8 {main}
2012-10-20 00:49:52 Error: [Google_AuthException] Could not json decode the token
#0 C:\wamp\www\NotesMRS\lib\Cake\GoogleAPI\google-api-php-client\src\Google_Client.php(174): Google_OAuth2->setAccessToken(NULL)
#1 C:\wamp\www\NotesMRS\lib\Cake\GoogleAPI\Cliente_google.php(42): Google_Client->setAccessToken(true)
#2 C:\wamp\www\NotesMRS\app\Controller\notasController.php(20): Cliente_google->generar_servicio()
#3 [internal function]: NotasController->montarNota()
#4 C:\wamp\www\NotesMRS\lib\Cake\Controller\Controller.php(485): ReflectionMethod->invokeArgs(Object(NotasController), Array)
#5 C:\wamp\www\NotesMRS\lib\Cake\Routing\Dispatcher.php(186): Controller->invokeAction(Object(CakeRequest))
#6 C:\wamp\www\NotesMRS\lib\Cake\Routing\Dispatcher.php(161): Dispatcher->_invoke(Object(NotasController), Object(CakeRequest), Object(CakeResponse))
#7 C:\wamp\www\NotesMRS\app\webroot\index.php(92): Dispatcher->dispatch(Object(CakeRequest), Object(CakeResponse))
#8 {main}
2012-10-20 00:51:45 Error: [Google_AuthException] Could not json decode the token
#0 C:\wamp\www\NotesMRS\lib\Cake\GoogleAPI\google-api-php-client\src\Google_Client.php(174): Google_OAuth2->setAccessToken(NULL)
#1 C:\wamp\www\NotesMRS\lib\Cake\GoogleAPI\Cliente_google.php(42): Google_Client->setAccessToken(true)
#2 C:\wamp\www\NotesMRS\app\Controller\notasController.php(20): Cliente_google->generar_servicio()
#3 [internal function]: NotasController->montarNota()
#4 C:\wamp\www\NotesMRS\lib\Cake\Controller\Controller.php(485): ReflectionMethod->invokeArgs(Object(NotasController), Array)
#5 C:\wamp\www\NotesMRS\lib\Cake\Routing\Dispatcher.php(186): Controller->invokeAction(Object(CakeRequest))
#6 C:\wamp\www\NotesMRS\lib\Cake\Routing\Dispatcher.php(161): Dispatcher->_invoke(Object(NotasController), Object(CakeRequest), Object(CakeResponse))
#7 C:\wamp\www\NotesMRS\app\webroot\index.php(92): Dispatcher->dispatch(Object(CakeRequest), Object(CakeResponse))
#8 {main}
2012-10-20 00:52:04 Error: [Google_AuthException] Error fetching OAuth2 access token, message: 'invalid_request'
#0 C:\wamp\www\NotesMRS\lib\Cake\GoogleAPI\google-api-php-client\src\Google_Client.php(131): Google_OAuth2->authenticate(Array, 'asda')
#1 C:\wamp\www\NotesMRS\lib\Cake\GoogleAPI\Cliente_google.php(41): Google_Client->authenticate('asda')
#2 C:\wamp\www\NotesMRS\app\Controller\notasController.php(20): Cliente_google->generar_servicio()
#3 [internal function]: NotasController->montarNota()
#4 C:\wamp\www\NotesMRS\lib\Cake\Controller\Controller.php(485): ReflectionMethod->invokeArgs(Object(NotasController), Array)
#5 C:\wamp\www\NotesMRS\lib\Cake\Routing\Dispatcher.php(186): Controller->invokeAction(Object(CakeRequest))
#6 C:\wamp\www\NotesMRS\lib\Cake\Routing\Dispatcher.php(161): Dispatcher->_invoke(Object(NotasController), Object(CakeRequest), Object(CakeResponse))
#7 C:\wamp\www\NotesMRS\app\webroot\index.php(92): Dispatcher->dispatch(Object(CakeRequest), Object(CakeResponse))
#8 {main}
2012-10-20 00:54:00 Error: [Google_AuthException] Error fetching OAuth2 access token, message: 'invalid_request'
#0 C:\wamp\www\NotesMRS\lib\Cake\GoogleAPI\google-api-php-client\src\Google_Client.php(131): Google_OAuth2->authenticate(Array, 'asda')
#1 C:\wamp\www\NotesMRS\lib\Cake\GoogleAPI\Cliente_google.php(41): Google_Client->authenticate('asda')
#2 C:\wamp\www\NotesMRS\app\Controller\notasController.php(20): Cliente_google->generar_servicio()
#3 [internal function]: NotasController->montarNota()
#4 C:\wamp\www\NotesMRS\lib\Cake\Controller\Controller.php(485): ReflectionMethod->invokeArgs(Object(NotasController), Array)
#5 C:\wamp\www\NotesMRS\lib\Cake\Routing\Dispatcher.php(186): Controller->invokeAction(Object(CakeRequest))
#6 C:\wamp\www\NotesMRS\lib\Cake\Routing\Dispatcher.php(161): Dispatcher->_invoke(Object(NotasController), Object(CakeRequest), Object(CakeResponse))
#7 C:\wamp\www\NotesMRS\app\webroot\index.php(92): Dispatcher->dispatch(Object(CakeRequest), Object(CakeResponse))
#8 {main}
2012-10-20 00:56:07 Error: [Google_AuthException] Error fetching OAuth2 access token, message: 'invalid_request'
#0 C:\wamp\www\NotesMRS\lib\Cake\GoogleAPI\google-api-php-client\src\Google_Client.php(131): Google_OAuth2->authenticate(Array, 'asda')
#1 C:\wamp\www\NotesMRS\lib\Cake\GoogleAPI\Cliente_google.php(41): Google_Client->authenticate('asda')
#2 C:\wamp\www\NotesMRS\app\Controller\notasController.php(20): Cliente_google->generar_servicio()
#3 [internal function]: NotasController->montarNota()
#4 C:\wamp\www\NotesMRS\lib\Cake\Controller\Controller.php(485): ReflectionMethod->invokeArgs(Object(NotasController), Array)
#5 C:\wamp\www\NotesMRS\lib\Cake\Routing\Dispatcher.php(186): Controller->invokeAction(Object(CakeRequest))
#6 C:\wamp\www\NotesMRS\lib\Cake\Routing\Dispatcher.php(161): Dispatcher->_invoke(Object(NotasController), Object(CakeRequest), Object(CakeResponse))
#7 C:\wamp\www\NotesMRS\app\webroot\index.php(92): Dispatcher->dispatch(Object(CakeRequest), Object(CakeResponse))
#8 {main}
2012-10-20 00:56:30 Error: [Google_AuthException] Error fetching OAuth2 access token, message: 'invalid_request'
#0 C:\wamp\www\NotesMRS\lib\Cake\GoogleAPI\google-api-php-client\src\Google_Client.php(131): Google_OAuth2->authenticate(Array, 'asda')
#1 C:\wamp\www\NotesMRS\lib\Cake\GoogleAPI\Cliente_google.php(41): Google_Client->authenticate('asda')
#2 C:\wamp\www\NotesMRS\app\Controller\notasController.php(20): Cliente_google->generar_servicio()
#3 [internal function]: NotasController->montarNota()
#4 C:\wamp\www\NotesMRS\lib\Cake\Controller\Controller.php(485): ReflectionMethod->invokeArgs(Object(NotasController), Array)
#5 C:\wamp\www\NotesMRS\lib\Cake\Routing\Dispatcher.php(186): Controller->invokeAction(Object(CakeRequest))
#6 C:\wamp\www\NotesMRS\lib\Cake\Routing\Dispatcher.php(161): Dispatcher->_invoke(Object(NotasController), Object(CakeRequest), Object(CakeResponse))
#7 C:\wamp\www\NotesMRS\app\webroot\index.php(92): Dispatcher->dispatch(Object(CakeRequest), Object(CakeResponse))
#8 {main}
2012-10-20 00:59:24 Error: [Google_AuthException] Error fetching OAuth2 access token, message: 'invalid_request'
#0 C:\wamp\www\NotesMRS\lib\Cake\GoogleAPI\google-api-php-client\src\Google_Client.php(131): Google_OAuth2->authenticate(Array, 'asda')
#1 C:\wamp\www\NotesMRS\lib\Cake\GoogleAPI\Cliente_google.php(41): Google_Client->authenticate('asda')
#2 C:\wamp\www\NotesMRS\app\Controller\notasController.php(20): Cliente_google->generar_servicio()
#3 [internal function]: NotasController->montarNota()
#4 C:\wamp\www\NotesMRS\lib\Cake\Controller\Controller.php(485): ReflectionMethod->invokeArgs(Object(NotasController), Array)
#5 C:\wamp\www\NotesMRS\lib\Cake\Routing\Dispatcher.php(186): Controller->invokeAction(Object(CakeRequest))
#6 C:\wamp\www\NotesMRS\lib\Cake\Routing\Dispatcher.php(161): Dispatcher->_invoke(Object(NotasController), Object(CakeRequest), Object(CakeResponse))
#7 C:\wamp\www\NotesMRS\app\webroot\index.php(92): Dispatcher->dispatch(Object(CakeRequest), Object(CakeResponse))
#8 {main}
2012-10-20 01:01:57 Error: [MissingViewException] View file "C:\wamp\www\NotesMRS\app\View\Notas\montar_nota.ctp" is missing.
#0 C:\wamp\www\NotesMRS\lib\Cake\View\View.php(472): View->_getViewFileName(NULL)
#1 C:\wamp\www\NotesMRS\lib\Cake\Controller\Controller.php(957): View->render(NULL, NULL)
#2 C:\wamp\www\NotesMRS\lib\Cake\Routing\Dispatcher.php(193): Controller->render()
#3 C:\wamp\www\NotesMRS\lib\Cake\Routing\Dispatcher.php(161): Dispatcher->_invoke(Object(NotasController), Object(CakeRequest), Object(CakeResponse))
#4 C:\wamp\www\NotesMRS\app\webroot\index.php(92): Dispatcher->dispatch(Object(CakeRequest), Object(CakeResponse))
#5 {main}
2012-10-20 01:03:10 Error: [MissingActionException] Action UsersController::index() could not be found.
#0 C:\wamp\www\NotesMRS\lib\Cake\Routing\Dispatcher.php(186): Controller->invokeAction(Object(CakeRequest))
#1 C:\wamp\www\NotesMRS\lib\Cake\Routing\Dispatcher.php(161): Dispatcher->_invoke(Object(UsersController), Object(CakeRequest), Object(CakeResponse))
#2 C:\wamp\www\NotesMRS\app\webroot\index.php(92): Dispatcher->dispatch(Object(CakeRequest), Object(CakeResponse))
#3 {main}
2012-10-20 01:03:27 Error: [MissingControllerException] Controller class PostsController could not be found.
#0 C:\wamp\www\NotesMRS\app\webroot\index.php(92): Dispatcher->dispatch(Object(CakeRequest), Object(CakeResponse))
#1 {main}
2012-10-20 01:03:34 Error: [MissingControllerException] Controller class PostsController could not be found.
#0 C:\wamp\www\NotesMRS\app\webroot\index.php(92): Dispatcher->dispatch(Object(CakeRequest), Object(CakeResponse))
#1 {main}
2012-10-20 01:04:28 Error: [MissingViewException] View file "C:\wamp\www\NotesMRS\app\View\Notas\montar_nota.ctp" is missing.
#0 C:\wamp\www\NotesMRS\lib\Cake\View\View.php(472): View->_getViewFileName(NULL)
#1 C:\wamp\www\NotesMRS\lib\Cake\Controller\Controller.php(957): View->render(NULL, NULL)
#2 C:\wamp\www\NotesMRS\lib\Cake\Routing\Dispatcher.php(193): Controller->render()
#3 C:\wamp\www\NotesMRS\lib\Cake\Routing\Dispatcher.php(161): Dispatcher->_invoke(Object(NotasController), Object(CakeRequest), Object(CakeResponse))
#4 C:\wamp\www\NotesMRS\app\webroot\index.php(92): Dispatcher->dispatch(Object(CakeRequest), Object(CakeResponse))
#5 {main}
2012-10-20 01:05:44 Error: [MissingActionException] Action NotasController::montarNota() could not be found.
#0 C:\wamp\www\NotesMRS\lib\Cake\Routing\Dispatcher.php(186): Controller->invokeAction(Object(CakeRequest))
#1 C:\wamp\www\NotesMRS\lib\Cake\Routing\Dispatcher.php(161): Dispatcher->_invoke(Object(NotasController), Object(CakeRequest), Object(CakeResponse))
#2 C:\wamp\www\NotesMRS\app\webroot\index.php(92): Dispatcher->dispatch(Object(CakeRequest), Object(CakeResponse))
#3 {main}
2012-10-20 01:06:04 Error: [MissingActionException] Action NotasController::montarNota() could not be found.
#0 C:\wamp\www\NotesMRS\lib\Cake\Routing\Dispatcher.php(186): Controller->invokeAction(Object(CakeRequest))
#1 C:\wamp\www\NotesMRS\lib\Cake\Routing\Dispatcher.php(161): Dispatcher->_invoke(Object(NotasController), Object(CakeRequest), Object(CakeResponse))
#2 C:\wamp\www\NotesMRS\app\webroot\index.php(92): Dispatcher->dispatch(Object(CakeRequest), Object(CakeResponse))
#3 {main}
2012-10-20 01:06:30 Error: [MissingActionException] Action NotasController::montarNota() could not be found.
#0 C:\wamp\www\NotesMRS\lib\Cake\Routing\Dispatcher.php(186): Controller->invokeAction(Object(CakeRequest))
#1 C:\wamp\www\NotesMRS\lib\Cake\Routing\Dispatcher.php(161): Dispatcher->_invoke(Object(NotasController), Object(CakeRequest), Object(CakeResponse))
#2 C:\wamp\www\NotesMRS\app\webroot\index.php(92): Dispatcher->dispatch(Object(CakeRequest), Object(CakeResponse))
#3 {main}
2012-10-20 01:06:45 Error: [MissingActionException] Action NotasController::montar_not() could not be found.
#0 C:\wamp\www\NotesMRS\lib\Cake\Routing\Dispatcher.php(186): Controller->invokeAction(Object(CakeRequest))
#1 C:\wamp\www\NotesMRS\lib\Cake\Routing\Dispatcher.php(161): Dispatcher->_invoke(Object(NotasController), Object(CakeRequest), Object(CakeResponse))
#2 C:\wamp\www\NotesMRS\app\webroot\index.php(92): Dispatcher->dispatch(Object(CakeRequest), Object(CakeResponse))
#3 {main}
2012-10-20 01:07:25 Error: [Google_AuthException] Error fetching OAuth2 access token, message: 'invalid_request'
#0 C:\wamp\www\NotesMRS\lib\Cake\GoogleAPI\google-api-php-client\src\Google_Client.php(131): Google_OAuth2->authenticate(Array, 'asda')
#1 C:\wamp\www\NotesMRS\lib\Cake\GoogleAPI\Cliente_google.php(41): Google_Client->authenticate('asda')
#2 C:\wamp\www\NotesMRS\app\Controller\notasController.php(20): Cliente_google->generar_servicio()
#3 [internal function]: NotasController->montar_nota()
#4 C:\wamp\www\NotesMRS\lib\Cake\Controller\Controller.php(485): ReflectionMethod->invokeArgs(Object(NotasController), Array)
#5 C:\wamp\www\NotesMRS\lib\Cake\Routing\Dispatcher.php(186): Controller->invokeAction(Object(CakeRequest))
#6 C:\wamp\www\NotesMRS\lib\Cake\Routing\Dispatcher.php(161): Dispatcher->_invoke(Object(NotasController), Object(CakeRequest), Object(CakeResponse))
#7 C:\wamp\www\NotesMRS\app\webroot\index.php(92): Dispatcher->dispatch(Object(CakeRequest), Object(CakeResponse))
#8 {main}
2012-10-20 01:20:57 Error: [Google_AuthException] Could not json decode the token
#0 C:\wamp\www\NotesMRS\lib\Cake\GoogleAPI\google-api-php-client\src\Google_Client.php(174): Google_OAuth2->setAccessToken(NULL)
#1 C:\wamp\www\NotesMRS\lib\Cake\GoogleAPI\Cliente_google.php(42): Google_Client->setAccessToken(true)
#2 C:\wamp\www\NotesMRS\app\Controller\notasController.php(20): Cliente_google->generar_servicio()
#3 [internal function]: NotasController->montar_nota()
#4 C:\wamp\www\NotesMRS\lib\Cake\Controller\Controller.php(485): ReflectionMethod->invokeArgs(Object(NotasController), Array)
#5 C:\wamp\www\NotesMRS\lib\Cake\Routing\Dispatcher.php(186): Controller->invokeAction(Object(CakeRequest))
#6 C:\wamp\www\NotesMRS\lib\Cake\Routing\Dispatcher.php(161): Dispatcher->_invoke(Object(NotasController), Object(CakeRequest), Object(CakeResponse))
#7 C:\wamp\www\NotesMRS\app\webroot\index.php(92): Dispatcher->dispatch(Object(CakeRequest), Object(CakeResponse))
#8 {main}
2012-10-20 01:21:22 Error: [Google_AuthException] Could not json decode the token
#0 C:\wamp\www\NotesMRS\lib\Cake\GoogleAPI\google-api-php-client\src\Google_Client.php(174): Google_OAuth2->setAccessToken(NULL)
#1 C:\wamp\www\NotesMRS\lib\Cake\GoogleAPI\Cliente_google.php(42): Google_Client->setAccessToken(true)
#2 C:\wamp\www\NotesMRS\app\Controller\notasController.php(20): Cliente_google->generar_servicio()
#3 [internal function]: NotasController->montar_nota()
#4 C:\wamp\www\NotesMRS\lib\Cake\Controller\Controller.php(485): ReflectionMethod->invokeArgs(Object(NotasController), Array)
#5 C:\wamp\www\NotesMRS\lib\Cake\Routing\Dispatcher.php(186): Controller->invokeAction(Object(CakeRequest))
#6 C:\wamp\www\NotesMRS\lib\Cake\Routing\Dispatcher.php(161): Dispatcher->_invoke(Object(NotasController), Object(CakeRequest), Object(CakeResponse))
#7 C:\wamp\www\NotesMRS\app\webroot\index.php(92): Dispatcher->dispatch(Object(CakeRequest), Object(CakeResponse))
#8 {main}
2012-10-20 01:22:40 Error: [Google_AuthException] Could not json decode the token
#0 C:\wamp\www\NotesMRS\lib\Cake\GoogleAPI\google-api-php-client\src\Google_Client.php(174): Google_OAuth2->setAccessToken(NULL)
#1 C:\wamp\www\NotesMRS\lib\Cake\GoogleAPI\Cliente_google.php(42): Google_Client->setAccessToken(true)
#2 C:\wamp\www\NotesMRS\app\Controller\notasController.php(20): Cliente_google->generar_servicio()
#3 [internal function]: NotasController->montar_nota()
#4 C:\wamp\www\NotesMRS\lib\Cake\Controller\Controller.php(485): ReflectionMethod->invokeArgs(Object(NotasController), Array)
#5 C:\wamp\www\NotesMRS\lib\Cake\Routing\Dispatcher.php(186): Controller->invokeAction(Object(CakeRequest))
#6 C:\wamp\www\NotesMRS\lib\Cake\Routing\Dispatcher.php(161): Dispatcher->_invoke(Object(NotasController), Object(CakeRequest), Object(CakeResponse))
#7 C:\wamp\www\NotesMRS\app\webroot\index.php(92): Dispatcher->dispatch(Object(CakeRequest), Object(CakeResponse))
#8 {main}
2012-10-20 01:57:28 Error: [Google_AuthException] Could not json decode the token
#0 C:\wamp\www\NotesMRS\lib\Cake\GoogleAPI\google-api-php-client\src\Google_Client.php(174): Google_OAuth2->setAccessToken(NULL)
#1 C:\wamp\www\NotesMRS\lib\Cake\GoogleAPI\Cliente_google.php(44): Google_Client->setAccessToken(true)
#2 C:\wamp\www\NotesMRS\app\Controller\notasController.php(20): Cliente_google->generar_servicio()
#3 [internal function]: NotasController->montar_nota()
#4 C:\wamp\www\NotesMRS\lib\Cake\Controller\Controller.php(485): ReflectionMethod->invokeArgs(Object(NotasController), Array)
#5 C:\wamp\www\NotesMRS\lib\Cake\Routing\Dispatcher.php(186): Controller->invokeAction(Object(CakeRequest))
#6 C:\wamp\www\NotesMRS\lib\Cake\Routing\Dispatcher.php(161): Dispatcher->_invoke(Object(NotasController), Object(CakeRequest), Object(CakeResponse))
#7 C:\wamp\www\NotesMRS\app\webroot\index.php(92): Dispatcher->dispatch(Object(CakeRequest), Object(CakeResponse))
#8 {main}
2012-10-20 03:22:09 Error: Fatal Error (64): require_once() [<a href='http://php.net/function.require'>function.require</a>]: Failed opening required 'C:\wamp\www\NotesMRS\app\webroot\google-api-php-client/src/Google_Client.php' (include_path='C:\wamp\www\NotesMRS\lib;.;C:\php\pear') in [C:\wamp\www\NotesMRS\app\Controller\notasController.php, line 2]
2012-10-20 03:22:09 Error: [FatalErrorException] require_once() [<a href='http://php.net/function.require'>function.require</a>]: Failed opening required 'C:\wamp\www\NotesMRS\app\webroot\google-api-php-client/src/Google_Client.php' (include_path='C:\wamp\www\NotesMRS\lib;.;C:\php\pear')
#0 C:\wamp\www\NotesMRS\lib\Cake\Error\ErrorHandler.php(162): ErrorHandler::handleFatalError(64, 'require_once() ...', 'C:\wamp\www\Not...', 2)
#1 [internal function]: ErrorHandler::handleError(64, 'require_once() ...', 'C:\wamp\www\Not...', 2, Array)
#2 C:\wamp\www\NotesMRS\lib\Cake\Core\App.php(926): call_user_func('ErrorHandler::h...', 64, 'require_once() ...', 'C:\wamp\www\Not...', 2, Array)
#3 C:\wamp\www\NotesMRS\lib\Cake\Core\App.php(899): App::_checkFatalError()
#4 [internal function]: App::shutdown()
#5 {main}
2012-10-21 01:28:17 Error: Fatal Error (1): Call to a member function write() on a non-object in [C:\wamp\www\NotesMRS\app\Controller\notasController.php, line 11]
2012-10-21 01:28:17 Error: [FatalErrorException] Call to a member function write() on a non-object
#0 C:\wamp\www\NotesMRS\lib\Cake\Error\ErrorHandler.php(162): ErrorHandler::handleFatalError(1, 'Call to a membe...', 'C:\wamp\www\Not...', 11)
#1 [internal function]: ErrorHandler::handleError(1, 'Call to a membe...', 'C:\wamp\www\Not...', 11, Array)
#2 C:\wamp\www\NotesMRS\lib\Cake\Core\App.php(926): call_user_func('ErrorHandler::h...', 1, 'Call to a membe...', 'C:\wamp\www\Not...', 11, Array)
#3 C:\wamp\www\NotesMRS\lib\Cake\Core\App.php(899): App::_checkFatalError()
#4 [internal function]: App::shutdown()
#5 {main}
2012-10-21 01:39:27 Error: Fatal Error (1): Class 'Google_Client' not found in [C:\wamp\www\NotesMRS\app\Controller\notasController.php, line 31]
2012-10-21 01:39:27 Error: [FatalErrorException] Class 'Google_Client' not found
#0 C:\wamp\www\NotesMRS\lib\Cake\Error\ErrorHandler.php(162): ErrorHandler::handleFatalError(1, 'Class 'Google_C...', 'C:\wamp\www\Not...', 31)
#1 [internal function]: ErrorHandler::handleError(1, 'Class 'Google_C...', 'C:\wamp\www\Not...', 31, Array)
#2 C:\wamp\www\NotesMRS\lib\Cake\Core\App.php(926): call_user_func('ErrorHandler::h...', 1, 'Class 'Google_C...', 'C:\wamp\www\Not...', 31, Array)
#3 C:\wamp\www\NotesMRS\lib\Cake\Core\App.php(899): App::_checkFatalError()
#4 [internal function]: App::shutdown()
#5 {main}
2012-10-21 01:39:42 Error: Fatal Error (1): Class 'Google_Client' not found in [C:\wamp\www\NotesMRS\app\Controller\notasController.php, line 31]
2012-10-21 01:39:42 Error: [FatalErrorException] Class 'Google_Client' not found
#0 C:\wamp\www\NotesMRS\lib\Cake\Error\ErrorHandler.php(162): ErrorHandler::handleFatalError(1, 'Class 'Google_C...', 'C:\wamp\www\Not...', 31)
#1 [internal function]: ErrorHandler::handleError(1, 'Class 'Google_C...', 'C:\wamp\www\Not...', 31, Array)
#2 C:\wamp\www\NotesMRS\lib\Cake\Core\App.php(926): call_user_func('ErrorHandler::h...', 1, 'Class 'Google_C...', 'C:\wamp\www\Not...', 31, Array)
#3 C:\wamp\www\NotesMRS\lib\Cake\Core\App.php(899): App::_checkFatalError()
#4 [internal function]: App::shutdown()
#5 {main}
2012-10-21 01:41:03 Error: Fatal Error (1): Class 'Google_Client' not found in [C:\wamp\www\NotesMRS\app\Controller\notasController.php, line 31]
2012-10-21 01:41:03 Error: [FatalErrorException] Class 'Google_Client' not found
#0 C:\wamp\www\NotesMRS\lib\Cake\Error\ErrorHandler.php(162): ErrorHandler::handleFatalError(1, 'Class 'Google_C...', 'C:\wamp\www\Not...', 31)
#1 [internal function]: ErrorHandler::handleError(1, 'Class 'Google_C...', 'C:\wamp\www\Not...', 31, Array)
#2 C:\wamp\www\NotesMRS\lib\Cake\Core\App.php(926): call_user_func('ErrorHandler::h...', 1, 'Class 'Google_C...', 'C:\wamp\www\Not...', 31, Array)
#3 C:\wamp\www\NotesMRS\lib\Cake\Core\App.php(899): App::_checkFatalError()
#4 [internal function]: App::shutdown()
#5 {main}
2012-10-21 01:41:50 Error: Fatal Error (1): Call to a member function authenticate() on a non-object in [C:\wamp\www\NotesMRS\app\Controller\notasController.php, line 41]
2012-10-21 01:41:50 Error: [FatalErrorException] Call to a member function authenticate() on a non-object
#0 C:\wamp\www\NotesMRS\lib\Cake\Error\ErrorHandler.php(162): ErrorHandler::handleFatalError(1, 'Call to a membe...', 'C:\wamp\www\Not...', 41)
#1 [internal function]: ErrorHandler::handleError(1, 'Call to a membe...', 'C:\wamp\www\Not...', 41, Array)
#2 C:\wamp\www\NotesMRS\lib\Cake\Core\App.php(926): call_user_func('ErrorHandler::h...', 1, 'Call to a membe...', 'C:\wamp\www\Not...', 41, Array)
#3 C:\wamp\www\NotesMRS\lib\Cake\Core\App.php(899): App::_checkFatalError()
#4 [internal function]: App::shutdown()
#5 {main}
2012-10-21 01:43:03 Error: Fatal Error (1): Call to a member function authenticate() on a non-object in [C:\wamp\www\NotesMRS\app\Controller\notasController.php, line 41]
2012-10-21 01:43:03 Error: [FatalErrorException] Call to a member function authenticate() on a non-object
#0 C:\wamp\www\NotesMRS\lib\Cake\Error\ErrorHandler.php(162): ErrorHandler::handleFatalError(1, 'Call to a membe...', 'C:\wamp\www\Not...', 41)
#1 [internal function]: ErrorHandler::handleError(1, 'Call to a membe...', 'C:\wamp\www\Not...', 41, Array)
#2 C:\wamp\www\NotesMRS\lib\Cake\Core\App.php(926): call_user_func('ErrorHandler::h...', 1, 'Call to a membe...', 'C:\wamp\www\Not...', 41, Array)
#3 C:\wamp\www\NotesMRS\lib\Cake\Core\App.php(899): App::_checkFatalError()
#4 [internal function]: App::shutdown()
#5 {main}
2012-10-21 01:43:39 Error: Fatal Error (1): Class 'Google_DriveFile' not found in [C:\wamp\www\NotesMRS\app\Controller\notasController.php, line 46]
2012-10-21 01:43:39 Error: [FatalErrorException] Class 'Google_DriveFile' not found
#0 C:\wamp\www\NotesMRS\lib\Cake\Error\ErrorHandler.php(162): ErrorHandler::handleFatalError(1, 'Class 'Google_D...', 'C:\wamp\www\Not...', 46)
#1 [internal function]: ErrorHandler::handleError(1, 'Class 'Google_D...', 'C:\wamp\www\Not...', 46, Array)
#2 C:\wamp\www\NotesMRS\lib\Cake\Core\App.php(926): call_user_func('ErrorHandler::h...', 1, 'Class 'Google_D...', 'C:\wamp\www\Not...', 46, Array)
#3 C:\wamp\www\NotesMRS\lib\Cake\Core\App.php(899): App::_checkFatalError()
#4 [internal function]: App::shutdown()
#5 {main}
2012-10-21 01:49:15 Error: Fatal Error (1): Class 'Google_DriveFile' not found in [C:\wamp\www\NotesMRS\app\Controller\notasController.php, line 46]
2012-10-21 01:49:15 Error: [FatalErrorException] Class 'Google_DriveFile' not found
#0 C:\wamp\www\NotesMRS\lib\Cake\Error\ErrorHandler.php(162): ErrorHandler::handleFatalError(1, 'Class 'Google_D...', 'C:\wamp\www\Not...', 46)
#1 [internal function]: ErrorHandler::handleError(1, 'Class 'Google_D...', 'C:\wamp\www\Not...', 46, Array)
#2 C:\wamp\www\NotesMRS\lib\Cake\Core\App.php(926): call_user_func('ErrorHandler::h...', 1, 'Class 'Google_D...', 'C:\wamp\www\Not...', 46, Array)
#3 C:\wamp\www\NotesMRS\lib\Cake\Core\App.php(899): App::_checkFatalError()
#4 [internal function]: App::shutdown()
#5 {main}
2012-10-21 01:51:41 Error: Fatal Error (1): Class 'Google_DriveFile' not found in [C:\wamp\www\NotesMRS\app\Controller\notasController.php, line 46]
2012-10-21 01:51:41 Error: [FatalErrorException] Class 'Google_DriveFile' not found
#0 C:\wamp\www\NotesMRS\lib\Cake\Error\ErrorHandler.php(162): ErrorHandler::handleFatalError(1, 'Class 'Google_D...', 'C:\wamp\www\Not...', 46)
#1 [internal function]: ErrorHandler::handleError(1, 'Class 'Google_D...', 'C:\wamp\www\Not...', 46, Array)
#2 C:\wamp\www\NotesMRS\lib\Cake\Core\App.php(926): call_user_func('ErrorHandler::h...', 1, 'Class 'Google_D...', 'C:\wamp\www\Not...', 46, Array)
#3 C:\wamp\www\NotesMRS\lib\Cake\Core\App.php(899): App::_checkFatalError()
#4 [internal function]: App::shutdown()
#5 {main}
2012-10-21 02:29:46 Error: Fatal Error (1): Call to a member function authenticate() on a non-object in [C:\wamp\www\NotesMRS\app\Controller\notasController.php, line 39]
2012-10-21 02:29:46 Error: [FatalErrorException] Call to a member function authenticate() on a non-object
#0 C:\wamp\www\NotesMRS\lib\Cake\Error\ErrorHandler.php(162): ErrorHandler::handleFatalError(1, 'Call to a membe...', 'C:\wamp\www\Not...', 39)
#1 [internal function]: ErrorHandler::handleError(1, 'Call to a membe...', 'C:\wamp\www\Not...', 39, Array)
#2 C:\wamp\www\NotesMRS\lib\Cake\Core\App.php(926): call_user_func('ErrorHandler::h...', 1, 'Call to a membe...', 'C:\wamp\www\Not...', 39, Array)
#3 C:\wamp\www\NotesMRS\lib\Cake\Core\App.php(899): App::_checkFatalError()
#4 [internal function]: App::shutdown()
#5 {main}
2012-10-21 02:33:39 Error: Fatal Error (1): Call to a member function authenticate() on a non-object in [C:\wamp\www\NotesMRS\app\Controller\notasController.php, line 40]
2012-10-21 02:33:39 Error: [FatalErrorException] Call to a member function authenticate() on a non-object
#0 C:\wamp\www\NotesMRS\lib\Cake\Error\ErrorHandler.php(162): ErrorHandler::handleFatalError(1, 'Call to a membe...', 'C:\wamp\www\Not...', 40)
#1 [internal function]: ErrorHandler::handleError(1, 'Call to a membe...', 'C:\wamp\www\Not...', 40, Array)
#2 C:\wamp\www\NotesMRS\lib\Cake\Core\App.php(926): call_user_func('ErrorHandler::h...', 1, 'Call to a membe...', 'C:\wamp\www\Not...', 40, Array)
#3 C:\wamp\www\NotesMRS\lib\Cake\Core\App.php(899): App::_checkFatalError()
#4 [internal function]: App::shutdown()
#5 {main}
2012-10-21 02:40:36 Error: Fatal Error (1): Call to a member function init() on a non-object in [C:\wamp\www\NotesMRS\lib\Cake\Controller\Controller.php, line 635]
2012-10-21 02:40:36 Error: [FatalErrorException] Call to a member function init() on a non-object
#0 C:\wamp\www\NotesMRS\lib\Cake\Error\ErrorHandler.php(162): ErrorHandler::handleFatalError(1, 'Call to a membe...', 'C:\wamp\www\Not...', 635)
#1 [internal function]: ErrorHandler::handleError(1, 'Call to a membe...', 'C:\wamp\www\Not...', 635, Array)
#2 C:\wamp\www\NotesMRS\lib\Cake\Core\App.php(926): call_user_func('ErrorHandler::h...', 1, 'Call to a membe...', 'C:\wamp\www\Not...', 635, Array)
#3 C:\wamp\www\NotesMRS\lib\Cake\Core\App.php(899): App::_checkFatalError()
#4 [internal function]: App::shutdown()
#5 {main}
2012-10-21 02:42:35 Error: Fatal Error (1): Undefined class constant 'AppController' in [C:\wamp\www\NotesMRS\app\Controller\notasController.php, line 14]
2012-10-21 02:42:35 Error: [FatalErrorException] Undefined class constant 'AppController'
#0 C:\wamp\www\NotesMRS\lib\Cake\Error\ErrorHandler.php(162): ErrorHandler::handleFatalError(1, 'Undefined class...', 'C:\wamp\www\Not...', 14)
#1 [internal function]: ErrorHandler::handleError(1, 'Undefined class...', 'C:\wamp\www\Not...', 14, Array)
#2 C:\wamp\www\NotesMRS\lib\Cake\Core\App.php(926): call_user_func('ErrorHandler::h...', 1, 'Undefined class...', 'C:\wamp\www\Not...', 14, Array)
#3 C:\wamp\www\NotesMRS\lib\Cake\Core\App.php(899): App::_checkFatalError()
#4 [internal function]: App::shutdown()
#5 {main}
2012-10-21 02:42:59 Error: Fatal Error (1): Call to a member function header() on a non-object in [C:\wamp\www\NotesMRS\lib\Cake\Controller\Controller.php, line 770]
2012-10-21 02:42:59 Error: [FatalErrorException] Call to a member function header() on a non-object
#0 C:\wamp\www\NotesMRS\lib\Cake\Error\ErrorHandler.php(162): ErrorHandler::handleFatalError(1, 'Call to a membe...', 'C:\wamp\www\Not...', 770)
#1 [internal function]: ErrorHandler::handleError(1, 'Call to a membe...', 'C:\wamp\www\Not...', 770, Array)
#2 C:\wamp\www\NotesMRS\lib\Cake\Core\App.php(926): call_user_func('ErrorHandler::h...', 1, 'Call to a membe...', 'C:\wamp\www\Not...', 770, Array)
#3 C:\wamp\www\NotesMRS\lib\Cake\Core\App.php(899): App::_checkFatalError()
#4 [internal function]: App::shutdown()
#5 {main}
2012-10-21 02:45:43 Error: Fatal Error (1): Call to a member function authenticate() on a non-object in [C:\wamp\www\NotesMRS\app\Controller\notasController.php, line 41]
2012-10-21 02:45:43 Error: [FatalErrorException] Call to a member function authenticate() on a non-object
#0 C:\wamp\www\NotesMRS\lib\Cake\Error\ErrorHandler.php(162): ErrorHandler::handleFatalError(1, 'Call to a membe...', 'C:\wamp\www\Not...', 41)
#1 [internal function]: ErrorHandler::handleError(1, 'Call to a membe...', 'C:\wamp\www\Not...', 41, Array)
#2 C:\wamp\www\NotesMRS\lib\Cake\Core\App.php(926): call_user_func('ErrorHandler::h...', 1, 'Call to a membe...', 'C:\wamp\www\Not...', 41, Array)
#3 C:\wamp\www\NotesMRS\lib\Cake\Core\App.php(899): App::_checkFatalError()
#4 [internal function]: App::shutdown()
#5 {main}
2012-10-21 02:57:27 Error: [MissingControllerException] Controller class FilesController could not be found.
#0 C:\wamp\www\NotesMRS\app\webroot\index.php(92): Dispatcher->dispatch(Object(CakeRequest), Object(CakeResponse))
#1 {main}
2012-10-21 04:59:03 Error: [MissingControllerException] Controller class NotesMRSController could not be found.
#0 C:\wamp\www\NotesMRS\app\webroot\index.php(92): Dispatcher->dispatch(Object(CakeRequest), Object(CakeResponse))
#1 {main}
2012-10-21 04:59:31 Error: [MissingControllerException] Controller class NotesMRSController could not be found.
#0 C:\wamp\www\NotesMRS\app\webroot\index.php(92): Dispatcher->dispatch(Object(CakeRequest), Object(CakeResponse))
#1 {main}
2012-10-21 04:59:34 Error: [MissingControllerException] Controller class NotesMRSController could not be found.
#0 C:\wamp\www\NotesMRS\app\webroot\index.php(92): Dispatcher->dispatch(Object(CakeRequest), Object(CakeResponse))
#1 {main}
